{"meta": {"version": "7.3.2", "timestamp": "2023-11-06T15:38:08.848311", "branch_coverage": false, "show_contexts": false}, "files": {"tests/__init__.py": {"executed_lines": [1], "summary": {"covered_lines": 0, "num_statements": 0, "percent_covered": 100.0, "percent_covered_display": "100", "missing_lines": 0, "excluded_lines": 0}, "missing_lines": [], "excluded_lines": []}, "tests/conftest.py": {"executed_lines": [1, 2, 3, 5, 6, 8, 11, 23, 24, 25, 26, 27, 28, 31, 32, 33, 36, 37, 38, 41, 42, 43, 46, 47, 48], "summary": {"covered_lines": 25, "num_statements": 25, "percent_covered": 100.0, "percent_covered_display": "100", "missing_lines": 0, "excluded_lines": 0}, "missing_lines": [], "excluded_lines": []}, "tests/test_datastructures.py": {"executed_lines": [1, 2, 4, 5, 15, 17, 20, 27, 28, 29, 31, 32, 35, 42, 43, 44, 46, 47, 50, 51, 53, 54, 57, 58, 59, 60, 61, 62, 63, 64, 65, 68, 69, 70, 71, 72], "summary": {"covered_lines": 36, "num_statements": 36, "percent_covered": 100.0, "percent_covered_display": "100", "missing_lines": 0, "excluded_lines": 0}, "missing_lines": [], "excluded_lines": []}, "tests/test_smart_path.py": {"executed_lines": [1, 2, 3, 4, 6, 7, 11, 22, 25, 26, 28, 29, 31, 32, 34, 36, 37, 39, 40, 43, 52, 53, 54, 55, 56, 58, 61, 70, 71, 72, 75, 84, 85, 86, 89, 96, 97, 98, 101, 106, 115, 123, 124, 125, 126, 127, 128, 131, 140, 141, 142, 143, 144, 145, 146, 149, 157, 158, 159, 160, 161, 162, 163, 164, 167, 174, 175, 176, 177, 178, 179, 180, 181, 182, 183, 186, 187, 188, 189, 190, 192, 193, 194, 195, 197, 198, 199, 200, 202, 203, 206, 207, 210, 211, 212, 213, 214, 215, 217, 218, 219, 222, 223, 224, 225, 226, 227, 228, 230, 233, 240, 241, 242, 245, 252, 253, 254, 257, 264, 265, 266], "summary": {"covered_lines": 121, "num_statements": 121, "percent_covered": 100.0, "percent_covered_display": "100", "missing_lines": 0, "excluded_lines": 0}, "missing_lines": [], "excluded_lines": []}, "tests/test_utilities.py": {"executed_lines": [1, 2, 4, 9, 12, 19, 20, 23, 32, 33], "summary": {"covered_lines": 10, "num_statements": 10, "percent_covered": 100.0, "percent_covered_display": "100", "missing_lines": 0, "excluded_lines": 0}, "missing_lines": [], "excluded_lines": []}, "uniswap_smart_path/__init__.py": {"executed_lines": [1, 4], "summary": {"covered_lines": 2, "num_statements": 2, "percent_covered": 100.0, "percent_covered_display": "100", "missing_lines": 0, "excluded_lines": 0}, "missing_lines": [], "excluded_lines": []}, "uniswap_smart_path/_constants.py": {"executed_lines": [1, 6, 8, 11, 12, 13, 14, 15, 17, 18, 19, 20, 22, 37, 38, 40], "summary": {"covered_lines": 16, "num_statements": 16, "percent_covered": 100.0, "percent_covered_display": "100", "missing_lines": 0, "excluded_lines": 0}, "missing_lines": [], "excluded_lines": []}, "uniswap_smart_path/_datastructures.py": {"executed_lines": [1, 2, 3, 4, 18, 19, 20, 21, 22, 27, 28, 31, 34, 35, 36, 37, 38, 41, 42, 43, 44, 45, 48, 49, 50, 51, 54, 55, 56, 57, 58, 61, 62, 63, 64, 67, 68, 69, 70, 71, 74, 75, 77, 78, 79, 81, 82, 84, 85, 86, 87, 88, 90, 91, 93, 94, 95, 97, 98, 101, 102, 104, 105, 106, 108, 109, 111, 112, 113, 114, 115, 116, 118, 119, 121, 122, 123, 124, 126, 127, 130, 131, 132, 133, 134, 136, 137, 138, 139, 140, 143, 144, 145, 146, 147, 150, 151, 152, 153, 154, 156, 157, 161, 162, 163, 164, 165, 167, 168, 169, 170, 171, 172, 174, 176, 177], "summary": {"covered_lines": 116, "num_statements": 116, "percent_covered": 100.0, "percent_covered_display": "100", "missing_lines": 0, "excluded_lines": 0}, "missing_lines": [], "excluded_lines": []}, "uniswap_smart_path/_utilities.py": {"executed_lines": [1, 3, 4, 7, 8, 11, 12, 13, 14, 15], "summary": {"covered_lines": 10, "num_statements": 10, "percent_covered": 100.0, "percent_covered_display": "100", "missing_lines": 0, "excluded_lines": 0}, "missing_lines": [], "excluded_lines": []}, "uniswap_smart_path/exceptions.py": {"executed_lines": [1, 2], "summary": {"covered_lines": 1, "num_statements": 1, "percent_covered": 100.0, "percent_covered_display": "100", "missing_lines": 0, "excluded_lines": 0}, "missing_lines": [], "excluded_lines": []}, "uniswap_smart_path/smart_path.py": {"executed_lines": [1, 2, 3, 4, 10, 14, 15, 20, 35, 46, 49, 52, 53, 60, 62, 63, 64, 65, 67, 69, 70, 71, 72, 74, 75, 76, 77, 78, 80, 81, 82, 83, 84, 85, 87, 88, 90, 91, 96, 97, 98, 99, 101, 102, 107, 108, 109, 110, 112, 113, 118, 119, 120, 121, 123, 124, 125, 126, 127, 128, 130, 131, 132, 136, 138, 139, 140, 141, 145, 146, 147, 148, 152, 153, 157, 164, 165, 166, 167, 169, 170, 171, 172, 174, 176, 177, 178, 179, 180, 186, 188, 189, 190, 191, 192, 193, 195, 196, 197, 198, 199, 200, 201, 202, 204, 206, 207, 208, 209, 210, 211, 212, 213, 214, 215, 217, 218, 219, 220, 222, 228, 229, 231, 232, 233, 234, 235, 237, 239, 240, 243, 249, 250, 253, 254, 255, 260, 265, 266, 268, 273, 277, 282, 287, 293, 294, 295, 297, 298, 300, 305, 306, 307, 308, 310, 311, 312, 313, 314, 315, 317, 321, 322, 324, 325, 326, 327, 328, 329, 331], "summary": {"covered_lines": 170, "num_statements": 177, "percent_covered": 96.045197740113, "percent_covered_display": "96", "missing_lines": 7, "excluded_lines": 0}, "missing_lines": [61, 142, 143, 149, 150, 318, 319], "excluded_lines": []}}, "totals": {"covered_lines": 507, "num_statements": 514, "percent_covered": 98.63813229571984, "percent_covered_display": "99", "missing_lines": 7, "excluded_lines": 0}}